<?xml version="1.0" encoding="UTF-8"?>
<testsuite xmlns:xsi="http://www.w3.org/2001/XMLSchema-instance" xsi:noNamespaceSchemaLocation="https://maven.apache.org/surefire/maven-surefire-plugin/xsd/surefire-test-report.xsd" name="assesment.oxbury.GitOperationsTest" time="0.406" tests="53" errors="53" skipped="0" failures="0">
  <properties>
[...]
</properties>
  <testcase name="test01" classname="assesment.oxbury.GitOperationsTest" time="0.289">
    <error message="Parameter specified as non-null is null: method okhttp3.Request$Builder.post, parameter body" type="java.lang.NullPointerException">java.lang.NullPointerException: Parameter specified as non-null is null: method okhttp3.Request$Builder.post, parameter body
	at assesment.oxbury.GitOperationsTest.test01(GitOperationsTest.java:16)
</error>
  </testcase>
  <testcase name="test02" classname="assesment.oxbury.GitOperationsTest" time="0.011">
    <error message="Parameter specified as non-null is null: method okhttp3.Request$Builder.post, parameter body" type="java.lang.NullPointerException">java.lang.NullPointerException: Parameter specified as non-null is null: method okhttp3.Request$Builder.post, parameter body
	at assesment.oxbury.GitOperationsTest.test02(GitOperationsTest.java:24)
</error>
  </testcase>
  <testcase name="test03" classname="assesment.oxbury.GitOperationsTest" time="0.003">
    <error message="Parameter specified as non-null is null: method okhttp3.Request$Builder.post, parameter body" type="java.lang.NullPointerException">java.lang.NullPointerException: Parameter specified as non-null is null: method okhttp3.Request$Builder.post, parameter body
	at assesment.oxbury.GitOperationsTest.test03(GitOperationsTest.java:32)
</error>
  </testcase>
  <testcase name="test04" classname="assesment.oxbury.GitOperationsTest" time="0.002">
    <error message="Parameter specified as non-null is null: method okhttp3.Request$Builder.post, parameter body" type="java.lang.NullPointerException">java.lang.NullPointerException: Parameter specified as non-null is null: method okhttp3.Request$Builder.post, parameter body
	at assesment.oxbury.GitOperationsTest.test04(GitOperationsTest.java:40)
</error>
  </testcase>
  <testcase name="test05" classname="assesment.oxbury.GitOperationsTest" time="0.002">
    <error message="Parameter specified as non-null is null: method okhttp3.Request$Builder.post, parameter body" type="java.lang.NullPointerException">java.lang.NullPointerException: Parameter specified as non-null is null: method okhttp3.Request$Builder.post, parameter body
	at assesment.oxbury.GitOperationsTest.test05(GitOperationsTest.java:48)
</error>
  </testcase>
  <testcase name="test06" classname="assesment.oxbury.GitOperationsTest" time="0.002">
    <error message="Parameter specified as non-null is null: method okhttp3.Request$Builder.post, parameter body" type="java.lang.NullPointerException">java.lang.NullPointerException: Parameter specified as non-null is null: method okhttp3.Request$Builder.post, parameter body
	at assesment.oxbury.GitOperationsTest.test06(GitOperationsTest.java:56)
</error>
  </testcase>
  <testcase name="test07" classname="assesment.oxbury.GitOperationsTest" time="0.002">
    <error message="Parameter specified as non-null is null: method okhttp3.Request$Builder.post, parameter body" type="java.lang.NullPointerException">java.lang.NullPointerException: Parameter specified as non-null is null: method okhttp3.Request$Builder.post, parameter body
	at assesment.oxbury.GitOperationsTest.test07(GitOperationsTest.java:64)
</error>
  </testcase>
  <testcase name="test08" classname="assesment.oxbury.GitOperationsTest" time="0.002">
    <error message="Parameter specified as non-null is null: method okhttp3.Request$Builder.post, parameter body" type="java.lang.NullPointerException">java.lang.NullPointerException: Parameter specified as non-null is null: method okhttp3.Request$Builder.post, parameter body
	at assesment.oxbury.GitOperationsTest.test08(GitOperationsTest.java:72)
</error>
  </testcase>
  <testcase name="test09" classname="assesment.oxbury.GitOperationsTest" time="0.002">
    <error message="Parameter specified as non-null is null: method okhttp3.Request$Builder.post, parameter body" type="java.lang.NullPointerException">java.lang.NullPointerException: Parameter specified as non-null is null: method okhttp3.Request$Builder.post, parameter body
	at assesment.oxbury.GitOperationsTest.test09(GitOperationsTest.java:80)
</error>
  </testcase>
  <testcase name="test10" classname="assesment.oxbury.GitOperationsTest" time="0.002">
    <error message="Parameter specified as non-null is null: method okhttp3.Request$Builder.post, parameter body" type="java.lang.NullPointerException">java.lang.NullPointerException: Parameter specified as non-null is null: method okhttp3.Request$Builder.post, parameter body
	at assesment.oxbury.GitOperationsTest.test10(GitOperationsTest.java:88)
</error>
  </testcase>
  <testcase name="test11" classname="assesment.oxbury.GitOperationsTest" time="0.001">
    <error message="Parameter specified as non-null is null: method okhttp3.Request$Builder.post, parameter body" type="java.lang.NullPointerException">java.lang.NullPointerException: Parameter specified as non-null is null: method okhttp3.Request$Builder.post, parameter body
	at assesment.oxbury.GitOperationsTest.test11(GitOperationsTest.java:96)
</error>
  </testcase>
  <testcase name="test12" classname="assesment.oxbury.GitOperationsTest" time="0.002">
    <error message="Parameter specified as non-null is null: method okhttp3.Request$Builder.post, parameter body" type="java.lang.NullPointerException">java.lang.NullPointerException: Parameter specified as non-null is null: method okhttp3.Request$Builder.post, parameter body
	at assesment.oxbury.GitOperationsTest.test12(GitOperationsTest.java:104)
</error>
  </testcase>
  <testcase name="test13" classname="assesment.oxbury.GitOperationsTest" time="0.002">
    <error message="Parameter specified as non-null is null: method okhttp3.Request$Builder.post, parameter body" type="java.lang.NullPointerException">java.lang.NullPointerException: Parameter specified as non-null is null: method okhttp3.Request$Builder.post, parameter body
	at assesment.oxbury.GitOperationsTest.test13(GitOperationsTest.java:112)
</error>
  </testcase>
  <testcase name="test14" classname="assesment.oxbury.GitOperationsTest" time="0.002">
    <error message="Parameter specified as non-null is null: method okhttp3.Request$Builder.post, parameter body" type="java.lang.NullPointerException">java.lang.NullPointerException: Parameter specified as non-null is null: method okhttp3.Request$Builder.post, parameter body
	at assesment.oxbury.GitOperationsTest.test14(GitOperationsTest.java:120)
</error>
  </testcase>
  <testcase name="test15" classname="assesment.oxbury.GitOperationsTest" time="0.002">
    <error message="Parameter specified as non-null is null: method okhttp3.Request$Builder.post, parameter body" type="java.lang.NullPointerException">java.lang.NullPointerException: Parameter specified as non-null is null: method okhttp3.Request$Builder.post, parameter body
	at assesment.oxbury.GitOperationsTest.test15(GitOperationsTest.java:128)
</error>
  </testcase>
  <testcase name="test16" classname="assesment.oxbury.GitOperationsTest" time="0.001">
    <error message="Parameter specified as non-null is null: method okhttp3.Request$Builder.post, parameter body" type="java.lang.NullPointerException">java.lang.NullPointerException: Parameter specified as non-null is null: method okhttp3.Request$Builder.post, parameter body
	at assesment.oxbury.GitOperationsTest.test16(GitOperationsTest.java:136)
</error>
  </testcase>
  <testcase name="test17" classname="assesment.oxbury.GitOperationsTest" time="0.002">
    <error message="Parameter specified as non-null is null: method okhttp3.Request$Builder.post, parameter body" type="java.lang.NullPointerException">java.lang.NullPointerException: Parameter specified as non-null is null: method okhttp3.Request$Builder.post, parameter body
	at assesment.oxbury.GitOperationsTest.test17(GitOperationsTest.java:144)
</error>
  </testcase>
  <testcase name="test18" classname="assesment.oxbury.GitOperationsTest" time="0.002">
    <error message="Parameter specified as non-null is null: method okhttp3.Request$Builder.post, parameter body" type="java.lang.NullPointerException">java.lang.NullPointerException: Parameter specified as non-null is null: method okhttp3.Request$Builder.post, parameter body
	at assesment.oxbury.GitOperationsTest.test18(GitOperationsTest.java:152)
</error>
  </testcase>
  <testcase name="test19" classname="assesment.oxbury.GitOperationsTest" time="0.002">
    <error message="Parameter specified as non-null is null: method okhttp3.Request$Builder.post, parameter body" type="java.lang.NullPointerException">java.lang.NullPointerException: Parameter specified as non-null is null: method okhttp3.Request$Builder.post, parameter body
	at assesment.oxbury.GitOperationsTest.test19(GitOperationsTest.java:160)
</error>
  </testcase>
  <testcase name="test20" classname="assesment.oxbury.GitOperationsTest" time="0.002">
    <error message="Parameter specified as non-null is null: method okhttp3.Request$Builder.post, parameter body" type="java.lang.NullPointerException">java.lang.NullPointerException: Parameter specified as non-null is null: method okhttp3.Request$Builder.post, parameter body
	at assesment.oxbury.GitOperationsTest.test20(GitOperationsTest.java:168)
</error>
  </testcase>
  <testcase name="test21" classname="assesment.oxbury.GitOperationsTest" time="0.001">
    <error message="Parameter specified as non-null is null: method okhttp3.Request$Builder.post, parameter body" type="java.lang.NullPointerException">java.lang.NullPointerException: Parameter specified as non-null is null: method okhttp3.Request$Builder.post, parameter body
	at assesment.oxbury.GitOperationsTest.test21(GitOperationsTest.java:176)
</error>
  </testcase>
  <testcase name="test22" classname="assesment.oxbury.GitOperationsTest" time="0.001">
    <error message="Parameter specified as non-null is null: method okhttp3.Request$Builder.post, parameter body" type="java.lang.NullPointerException">java.lang.NullPointerException: Parameter specified as non-null is null: method okhttp3.Request$Builder.post, parameter body
	at assesment.oxbury.GitOperationsTest.test22(GitOperationsTest.java:184)
</error>
  </testcase>
  <testcase name="test23" classname="assesment.oxbury.GitOperationsTest" time="0.002">
    <error message="Parameter specified as non-null is null: method okhttp3.Request$Builder.post, parameter body" type="java.lang.NullPointerException">java.lang.NullPointerException: Parameter specified as non-null is null: method okhttp3.Request$Builder.post, parameter body
	at assesment.oxbury.GitOperationsTest.test23(GitOperationsTest.java:192)
</error>
  </testcase>
  <testcase name="test24" classname="assesment.oxbury.GitOperationsTest" time="0.001">
    <error message="Parameter specified as non-null is null: method okhttp3.Request$Builder.post, parameter body" type="java.lang.NullPointerException">java.lang.NullPointerException: Parameter specified as non-null is null: method okhttp3.Request$Builder.post, parameter body
	at assesment.oxbury.GitOperationsTest.test24(GitOperationsTest.java:200)
</error>
  </testcase>
  <testcase name="test25" classname="assesment.oxbury.GitOperationsTest" time="0.002">
    <error message="Parameter specified as non-null is null: method okhttp3.Request$Builder.post, parameter body" type="java.lang.NullPointerException">java.lang.NullPointerException: Parameter specified as non-null is null: method okhttp3.Request$Builder.post, parameter body
	at assesment.oxbury.GitOperationsTest.test25(GitOperationsTest.java:208)
</error>
  </testcase>
  <testcase name="test26" classname="assesment.oxbury.GitOperationsTest" time="0.003">
    <error message="Parameter specified as non-null is null: method okhttp3.Request$Builder.post, parameter body" type="java.lang.NullPointerException">java.lang.NullPointerException: Parameter specified as non-null is null: method okhttp3.Request$Builder.post, parameter body
	at assesment.oxbury.GitOperationsTest.test26(GitOperationsTest.java:216)
</error>
  </testcase>
  <testcase name="test27" classname="assesment.oxbury.GitOperationsTest" time="0.001">
    <error message="Parameter specified as non-null is null: method okhttp3.Request$Builder.post, parameter body" type="java.lang.NullPointerException">java.lang.NullPointerException: Parameter specified as non-null is null: method okhttp3.Request$Builder.post, parameter body
	at assesment.oxbury.GitOperationsTest.test27(GitOperationsTest.java:224)
</error>
  </testcase>
  <testcase name="test28" classname="assesment.oxbury.GitOperationsTest" time="0.001">
    <error message="Parameter specified as non-null is null: method okhttp3.Request$Builder.post, parameter body" type="java.lang.NullPointerException">java.lang.NullPointerException: Parameter specified as non-null is null: method okhttp3.Request$Builder.post, parameter body
	at assesment.oxbury.GitOperationsTest.test28(GitOperationsTest.java:232)
</error>
  </testcase>
  <testcase name="test29" classname="assesment.oxbury.GitOperationsTest" time="0.002">
    <error message="Parameter specified as non-null is null: method okhttp3.Request$Builder.post, parameter body" type="java.lang.NullPointerException">java.lang.NullPointerException: Parameter specified as non-null is null: method okhttp3.Request$Builder.post, parameter body
	at assesment.oxbury.GitOperationsTest.test29(GitOperationsTest.java:240)
</error>
  </testcase>
  <testcase name="test30" classname="assesment.oxbury.GitOperationsTest" time="0.001">
    <error message="Parameter specified as non-null is null: method okhttp3.Request$Builder.post, parameter body" type="java.lang.NullPointerException">java.lang.NullPointerException: Parameter specified as non-null is null: method okhttp3.Request$Builder.post, parameter body
	at assesment.oxbury.GitOperationsTest.test30(GitOperationsTest.java:248)
</error>
  </testcase>
  <testcase name="test31" classname="assesment.oxbury.GitOperationsTest" time="0.001">
    <error message="Parameter specified as non-null is null: method okhttp3.Request$Builder.post, parameter body" type="java.lang.NullPointerException">java.lang.NullPointerException: Parameter specified as non-null is null: method okhttp3.Request$Builder.post, parameter body
	at assesment.oxbury.GitOperationsTest.test31(GitOperationsTest.java:256)
</error>
  </testcase>
  <testcase name="test32" classname="assesment.oxbury.GitOperationsTest" time="0.002">
    <error message="Parameter specified as non-null is null: method okhttp3.Request$Builder.post, parameter body" type="java.lang.NullPointerException">java.lang.NullPointerException: Parameter specified as non-null is null: method okhttp3.Request$Builder.post, parameter body
	at assesment.oxbury.GitOperationsTest.test32(GitOperationsTest.java:264)
</error>
  </testcase>
  <testcase name="test33" classname="assesment.oxbury.GitOperationsTest" time="0.002">
    <error message="Parameter specified as non-null is null: method okhttp3.Request$Builder.post, parameter body" type="java.lang.NullPointerException">java.lang.NullPointerException: Parameter specified as non-null is null: method okhttp3.Request$Builder.post, parameter body
	at assesment.oxbury.GitOperationsTest.test33(GitOperationsTest.java:272)
</error>
  </testcase>
  <testcase name="test34" classname="assesment.oxbury.GitOperationsTest" time="0.002">
    <error message="Parameter specified as non-null is null: method okhttp3.Request$Builder.post, parameter body" type="java.lang.NullPointerException">java.lang.NullPointerException: Parameter specified as non-null is null: method okhttp3.Request$Builder.post, parameter body
	at assesment.oxbury.GitOperationsTest.test34(GitOperationsTest.java:280)
</error>
  </testcase>
  <testcase name="test35" classname="assesment.oxbury.GitOperationsTest" time="0.002">
    <error message="Parameter specified as non-null is null: method okhttp3.Request$Builder.post, parameter body" type="java.lang.NullPointerException">java.lang.NullPointerException: Parameter specified as non-null is null: method okhttp3.Request$Builder.post, parameter body
	at assesment.oxbury.GitOperationsTest.test35(GitOperationsTest.java:288)
</error>
  </testcase>
  <testcase name="test36" classname="assesment.oxbury.GitOperationsTest" time="0.001">
    <error message="Parameter specified as non-null is null: method okhttp3.Request$Builder.post, parameter body" type="java.lang.NullPointerException">java.lang.NullPointerException: Parameter specified as non-null is null: method okhttp3.Request$Builder.post, parameter body
	at assesment.oxbury.GitOperationsTest.test36(GitOperationsTest.java:296)
</error>
  </testcase>
  <testcase name="test37" classname="assesment.oxbury.GitOperationsTest" time="0.001">
    <error message="Parameter specified as non-null is null: method okhttp3.Request$Builder.post, parameter body" type="java.lang.NullPointerException">java.lang.NullPointerException: Parameter specified as non-null is null: method okhttp3.Request$Builder.post, parameter body
	at assesment.oxbury.GitOperationsTest.test37(GitOperationsTest.java:304)
</error>
  </testcase>
  <testcase name="test38" classname="assesment.oxbury.GitOperationsTest" time="0.002">
    <error message="Parameter specified as non-null is null: method okhttp3.Request$Builder.post, parameter body" type="java.lang.NullPointerException">java.lang.NullPointerException: Parameter specified as non-null is null: method okhttp3.Request$Builder.post, parameter body
	at assesment.oxbury.GitOperationsTest.test38(GitOperationsTest.java:312)
</error>
  </testcase>
  <testcase name="test39" classname="assesment.oxbury.GitOperationsTest" time="0.002">
    <error message="Parameter specified as non-null is null: method okhttp3.Request$Builder.post, parameter body" type="java.lang.NullPointerException">java.lang.NullPointerException: Parameter specified as non-null is null: method okhttp3.Request$Builder.post, parameter body
	at assesment.oxbury.GitOperationsTest.test39(GitOperationsTest.java:320)
</error>
  </testcase>
  <testcase name="test40" classname="assesment.oxbury.GitOperationsTest" time="0.001">
    <error message="Parameter specified as non-null is null: method okhttp3.Request$Builder.post, parameter body" type="java.lang.NullPointerException">java.lang.NullPointerException: Parameter specified as non-null is null: method okhttp3.Request$Builder.post, parameter body
	at assesment.oxbury.GitOperationsTest.test40(GitOperationsTest.java:328)
</error>
  </testcase>
  <testcase name="test41" classname="assesment.oxbury.GitOperationsTest" time="0.002">
    <error message="Parameter specified as non-null is null: method okhttp3.Request$Builder.post, parameter body" type="java.lang.NullPointerException">java.lang.NullPointerException: Parameter specified as non-null is null: method okhttp3.Request$Builder.post, parameter body
	at assesment.oxbury.GitOperationsTest.test41(GitOperationsTest.java:336)
</error>
  </testcase>
  <testcase name="test42" classname="assesment.oxbury.GitOperationsTest" time="0.002">
    <error message="Parameter specified as non-null is null: method okhttp3.Request$Builder.post, parameter body" type="java.lang.NullPointerException">java.lang.NullPointerException: Parameter specified as non-null is null: method okhttp3.Request$Builder.post, parameter body
	at assesment.oxbury.GitOperationsTest.test42(GitOperationsTest.java:344)
</error>
  </testcase>
  <testcase name="test43" classname="assesment.oxbury.GitOperationsTest" time="0.002">
    <error message="Parameter specified as non-null is null: method okhttp3.Request$Builder.post, parameter body" type="java.lang.NullPointerException">java.lang.NullPointerException: Parameter specified as non-null is null: method okhttp3.Request$Builder.post, parameter body
	at assesment.oxbury.GitOperationsTest.test43(GitOperationsTest.java:352)
</error>
  </testcase>
  <testcase name="test44" classname="assesment.oxbury.GitOperationsTest" time="0.002">
    <error message="Parameter specified as non-null is null: method okhttp3.Request$Builder.post, parameter body" type="java.lang.NullPointerException">java.lang.NullPointerException: Parameter specified as non-null is null: method okhttp3.Request$Builder.post, parameter body
	at assesment.oxbury.GitOperationsTest.test44(GitOperationsTest.java:360)
</error>
  </testcase>
  <testcase name="test45" classname="assesment.oxbury.GitOperationsTest" time="0.001">
    <error message="Parameter specified as non-null is null: method okhttp3.Request$Builder.post, parameter body" type="java.lang.NullPointerException">java.lang.NullPointerException: Parameter specified as non-null is null: method okhttp3.Request$Builder.post, parameter body
	at assesment.oxbury.GitOperationsTest.test45(GitOperationsTest.java:368)
</error>
  </testcase>
  <testcase name="test46" classname="assesment.oxbury.GitOperationsTest" time="0.001">
    <error message="Parameter specified as non-null is null: method okhttp3.Request$Builder.post, parameter body" type="java.lang.NullPointerException">java.lang.NullPointerException: Parameter specified as non-null is null: method okhttp3.Request$Builder.post, parameter body
	at assesment.oxbury.GitOperationsTest.test46(GitOperationsTest.java:376)
</error>
  </testcase>
  <testcase name="test47" classname="assesment.oxbury.GitOperationsTest" time="0.002">
    <error message="Parameter specified as non-null is null: method okhttp3.Request$Builder.post, parameter body" type="java.lang.NullPointerException">java.lang.NullPointerException: Parameter specified as non-null is null: method okhttp3.Request$Builder.post, parameter body
	at assesment.oxbury.GitOperationsTest.test47(GitOperationsTest.java:384)
</error>
  </testcase>
  <testcase name="test48" classname="assesment.oxbury.GitOperationsTest" time="0.002">
    <error message="Parameter specified as non-null is null: method okhttp3.Request$Builder.post, parameter body" type="java.lang.NullPointerException">java.lang.NullPointerException: Parameter specified as non-null is null: method okhttp3.Request$Builder.post, parameter body
	at assesment.oxbury.GitOperationsTest.test48(GitOperationsTest.java:392)
</error>
  </testcase>
  <testcase name="test49" classname="assesment.oxbury.GitOperationsTest" time="0.002">
    <error message="Parameter specified as non-null is null: method okhttp3.Request$Builder.post, parameter body" type="java.lang.NullPointerException">java.lang.NullPointerException: Parameter specified as non-null is null: method okhttp3.Request$Builder.post, parameter body
	at assesment.oxbury.GitOperationsTest.test49(GitOperationsTest.java:400)
</error>
  </testcase>
  <testcase name="test50" classname="assesment.oxbury.GitOperationsTest" time="0.002">
    <error message="Parameter specified as non-null is null: method okhttp3.Request$Builder.post, parameter body" type="java.lang.NullPointerException">java.lang.NullPointerException: Parameter specified as non-null is null: method okhttp3.Request$Builder.post, parameter body
	at assesment.oxbury.GitOperationsTest.test50(GitOperationsTest.java:408)
</error>
  </testcase>
  <testcase name="test51" classname="assesment.oxbury.GitOperationsTest" time="0.001">
    <error message="Parameter specified as non-null is null: method okhttp3.Request$Builder.post, parameter body" type="java.lang.NullPointerException">java.lang.NullPointerException: Parameter specified as non-null is null: method okhttp3.Request$Builder.post, parameter body
	at assesment.oxbury.GitOperationsTest.test51(GitOperationsTest.java:416)
</error>
  </testcase>
  <testcase name="test52" classname="assesment.oxbury.GitOperationsTest" time="0.001">
    <error message="Parameter specified as non-null is null: method okhttp3.Request$Builder.post, parameter body" type="java.lang.NullPointerException">java.lang.NullPointerException: Parameter specified as non-null is null: method okhttp3.Request$Builder.post, parameter body
	at assesment.oxbury.GitOperationsTest.test52(GitOperationsTest.java:424)
</error>
  </testcase>
  <testcase name="test53" classname="assesment.oxbury.GitOperationsTest" time="0.001">
    <error message="Parameter specified as non-null is null: method okhttp3.Request$Builder.post, parameter body" type="java.lang.NullPointerException">java.lang.NullPointerException: Parameter specified as non-null is null: method okhttp3.Request$Builder.post, parameter body
	at assesment.oxbury.GitOperationsTest.test53(GitOperationsTest.java:432)
</error>
  </testcase>
</testsuite>