<?xml version="1.0" encoding="UTF-8"?>
<testsuite xmlns:xsi="http://www.w3.org/2001/XMLSchema-instance" xsi:noNamespaceSchemaLocation="https://maven.apache.org/surefire/maven-surefire-plugin/xsd/surefire-test-report-3.0.xsd" version="3.0" name="test.pkb.TestTextSearch" time="0.732" tests="7" errors="0" skipped="0" failures="0">
  <properties>
[...]
</properties>
  <testcase name="testfindLongestEvenWordEmptyInput" classname="test.pkb.TestTextSearch" time="0.342">
    <system-err><![CDATA[Aug 05, 2023 9:17:48 AM test.pkb.TextSearch findLongestEvenWord
INFO: findLonges >> 
Aug 05, 2023 9:17:48 AM test.pkb.TextSearch findLongestEvenWord
SEVERE: Invlaid Input >> null
]]></system-err>
  </testcase>
  <testcase name="testfindLongestEvenWordFailure" classname="test.pkb.TestTextSearch" time="0.03">
    <system-err><![CDATA[Aug 05, 2023 9:17:49 AM test.pkb.TextSearch findLongestEvenWord
INFO: findLonges >> 
Aug 05, 2023 9:17:49 AM test.pkb.TextSearch findLongestEvenWord
WARNING: No even words found for the given input
]]></system-err>
  </testcase>
  <testcase name="testfindLongestEvenWordWithSpecialCharsSuccess" classname="test.pkb.TestTextSearch" time="0.053">
    <system-err><![CDATA[Aug 05, 2023 9:17:49 AM test.pkb.TextSearch findLongestEvenWord
INFO: findLonges >> 
Aug 05, 2023 9:17:49 AM test.pkb.TextSearch findLongestEvenWord
INFO: findLonges << nosucces*s
]]></system-err>
  </testcase>
  <testcase name="testfindLongestEvenWordNoSpecialCharsFailure" classname="test.pkb.TestTextSearch" time="0.022">
    <system-err><![CDATA[Aug 05, 2023 9:17:49 AM test.pkb.TextSearch findLongestEvenWord
INFO: findLonges >> 
Aug 05, 2023 9:17:49 AM test.pkb.TextSearch findLongestEvenWord
WARNING: No even words found for the given input
]]></system-err>
  </testcase>
  <testcase name="testfindLongestEvenWordWithSpecialCharsFailure" classname="test.pkb.TestTextSearch" time="0.012">
    <system-err><![CDATA[Aug 05, 2023 9:17:49 AM test.pkb.TextSearch findLongestEvenWord
INFO: findLonges >> 
Aug 05, 2023 9:17:49 AM test.pkb.TextSearch findLongestEvenWord
WARNING: No even words found for the given input
]]></system-err>
  </testcase>
  <testcase name="testfindLongestEvenWordNoSpeacialCharsSuccess" classname="test.pkb.TestTextSearch" time="0.019">
    <system-err><![CDATA[Aug 05, 2023 9:17:49 AM test.pkb.TextSearch findLongestEvenWord
INFO: findLonges >> 
Aug 05, 2023 9:17:49 AM test.pkb.TextSearch findLongestEvenWord
INFO: findLonges << Anotherr
]]></system-err>
  </testcase>
  <testcase name="testfindLongestEvenWordSuccess" classname="test.pkb.TestTextSearch" time="0.019">
    <system-err><![CDATA[Aug 05, 2023 9:17:49 AM test.pkb.TextSearch findLongestEvenWord
INFO: findLonges >> 
Aug 05, 2023 9:17:49 AM test.pkb.TextSearch findLongestEvenWord
INFO: findLonges << Sample
]]></system-err>
  </testcase>
</testsuite>